::1 - - [20/Nov/2020:09:58:02 +0700] "GET / HTTP/1.1" 200 2278 "-" "Mozilla/5.0 (Windows NT 10.0; WOW64) AppleWebKit/537.36 (KHTML, like Gecko) coc_coc_browser/90.0.148 Chrome/84.0.4147.148 Safari/537.36"
::1 - - [20/Nov/2020:09:58:02 +0700] "GET /icons/blank.gif HTTP/1.1" 200 148 "http://localhost:8080/" "Mozilla/5.0 (Windows NT 10.0; WOW64) AppleWebKit/537.36 (KHTML, like Gecko) coc_coc_browser/90.0.148 Chrome/84.0.4147.148 Safari/537.36"
::1 - - [20/Nov/2020:09:58:02 +0700] "GET /icons/text.gif HTTP/1.1" 200 229 "http://localhost:8080/" "Mozilla/5.0 (Windows NT 10.0; WOW64) AppleWebKit/537.36 (KHTML, like Gecko) coc_coc_browser/90.0.148 Chrome/84.0.4147.148 Safari/537.36"
::1 - - [20/Nov/2020:09:58:02 +0700] "GET /icons/folder.gif HTTP/1.1" 200 225 "http://localhost:8080/" "Mozilla/5.0 (Windows NT 10.0; WOW64) AppleWebKit/537.36 (KHTML, like Gecko) coc_coc_browser/90.0.148 Chrome/84.0.4147.148 Safari/537.36"
::1 - - [20/Nov/2020:09:58:02 +0700] "GET /icons/image2.gif HTTP/1.1" 200 309 "http://localhost:8080/" "Mozilla/5.0 (Windows NT 10.0; WOW64) AppleWebKit/537.36 (KHTML, like Gecko) coc_coc_browser/90.0.148 Chrome/84.0.4147.148 Safari/537.36"
::1 - - [20/Nov/2020:09:58:03 +0700] "GET /favicon.ico HTTP/1.1" 200 30894 "http://localhost:8080/" "Mozilla/5.0 (Windows NT 10.0; WOW64) AppleWebKit/537.36 (KHTML, like Gecko) coc_coc_browser/90.0.148 Chrome/84.0.4147.148 Safari/537.36"
::1 - - [20/Nov/2020:09:58:13 +0700] "GET /sever_time/ HTTP/1.1" 200 310 "http://localhost:8080/" "Mozilla/5.0 (Windows NT 10.0; WOW64) AppleWebKit/537.36 (KHTML, like Gecko) coc_coc_browser/90.0.148 Chrome/84.0.4147.148 Safari/537.36"
::1 - - [20/Nov/2020:09:58:50 +0700] "GET /sever_time/ HTTP/1.1" 200 297 "http://localhost:8080/" "Mozilla/5.0 (Windows NT 10.0; WOW64) AppleWebKit/537.36 (KHTML, like Gecko) coc_coc_browser/90.0.148 Chrome/84.0.4147.148 Safari/537.36"
::1 - - [20/Nov/2020:09:58:50 +0700] "GET /favicon.ico HTTP/1.1" 200 30894 "http://localhost:8080/sever_time/" "Mozilla/5.0 (Windows NT 10.0; WOW64) AppleWebKit/537.36 (KHTML, like Gecko) coc_coc_browser/90.0.148 Chrome/84.0.4147.148 Safari/537.36"
::1 - - [20/Nov/2020:10:00:07 +0700] "GET /sever_time/ HTTP/1.1" 200 305 "http://localhost:8080/" "Mozilla/5.0 (Windows NT 10.0; WOW64) AppleWebKit/537.36 (KHTML, like Gecko) coc_coc_browser/90.0.148 Chrome/84.0.4147.148 Safari/537.36"
::1 - - [20/Nov/2020:10:00:07 +0700] "GET /favicon.ico HTTP/1.1" 200 30894 "http://localhost:8080/sever_time/" "Mozilla/5.0 (Windows NT 10.0; WOW64) AppleWebKit/537.36 (KHTML, like Gecko) coc_coc_browser/90.0.148 Chrome/84.0.4147.148 Safari/537.36"
::1 - - [20/Nov/2020:10:00:26 +0700] "GET /sever_time/ HTTP/1.1" 200 305 "http://localhost:8080/" "Mozilla/5.0 (Windows NT 10.0; WOW64) AppleWebKit/537.36 (KHTML, like Gecko) coc_coc_browser/90.0.148 Chrome/84.0.4147.148 Safari/537.36"
::1 - - [20/Nov/2020:10:00:26 +0700] "GET /favicon.ico HTTP/1.1" 200 30894 "http://localhost:8080/sever_time/" "Mozilla/5.0 (Windows NT 10.0; WOW64) AppleWebKit/537.36 (KHTML, like Gecko) coc_coc_browser/90.0.148 Chrome/84.0.4147.148 Safari/537.36"
::1 - - [20/Nov/2020:10:00:48 +0700] "GET /sever_time/ HTTP/1.1" 200 307 "http://localhost:8080/" "Mozilla/5.0 (Windows NT 10.0; WOW64) AppleWebKit/537.36 (KHTML, like Gecko) coc_coc_browser/90.0.148 Chrome/84.0.4147.148 Safari/537.36"
::1 - - [20/Nov/2020:10:00:48 +0700] "GET /favicon.ico HTTP/1.1" 200 30894 "http://localhost:8080/sever_time/" "Mozilla/5.0 (Windows NT 10.0; WOW64) AppleWebKit/537.36 (KHTML, like Gecko) coc_coc_browser/90.0.148 Chrome/84.0.4147.148 Safari/537.36"
::1 - - [20/Nov/2020:10:20:19 +0700] "GET /sever_time/ HTTP/1.1" 200 307 "http://localhost:8080/" "Mozilla/5.0 (Windows NT 10.0; WOW64) AppleWebKit/537.36 (KHTML, like Gecko) coc_coc_browser/90.0.148 Chrome/84.0.4147.148 Safari/537.36"
::1 - - [20/Nov/2020:10:20:19 +0700] "GET /favicon.ico HTTP/1.1" 200 30894 "http://localhost:8080/sever_time/" "Mozilla/5.0 (Windows NT 10.0; WOW64) AppleWebKit/537.36 (KHTML, like Gecko) coc_coc_browser/90.0.148 Chrome/84.0.4147.148 Safari/537.36"
::1 - - [20/Nov/2020:10:20:23 +0700] "GET /sever_time/ HTTP/1.1" 200 307 "http://localhost:8080/" "Mozilla/5.0 (Windows NT 10.0; WOW64) AppleWebKit/537.36 (KHTML, like Gecko) coc_coc_browser/90.0.148 Chrome/84.0.4147.148 Safari/537.36"
::1 - - [20/Nov/2020:10:20:23 +0700] "GET /favicon.ico HTTP/1.1" 200 30894 "http://localhost:8080/sever_time/" "Mozilla/5.0 (Windows NT 10.0; WOW64) AppleWebKit/537.36 (KHTML, like Gecko) coc_coc_browser/90.0.148 Chrome/84.0.4147.148 Safari/537.36"
::1 - - [20/Nov/2020:10:20:29 +0700] "GET /sever_time/ HTTP/1.1" 200 307 "http://localhost:8080/" "Mozilla/5.0 (Windows NT 10.0; WOW64) AppleWebKit/537.36 (KHTML, like Gecko) coc_coc_browser/90.0.148 Chrome/84.0.4147.148 Safari/537.36"
::1 - - [20/Nov/2020:10:20:29 +0700] "GET /favicon.ico HTTP/1.1" 200 30894 "http://localhost:8080/sever_time/" "Mozilla/5.0 (Windows NT 10.0; WOW64) AppleWebKit/537.36 (KHTML, like Gecko) coc_coc_browser/90.0.148 Chrome/84.0.4147.148 Safari/537.36"
::1 - - [07/Dec/2020:11:34:42 +0700] "GET / HTTP/1.1" 200 2278 "-" "Mozilla/5.0 (Windows NT 10.0; WOW64) AppleWebKit/537.36 (KHTML, like Gecko) coc_coc_browser/91.0.146 Chrome/85.0.4183.146 Safari/537.36"
::1 - - [07/Dec/2020:11:34:42 +0700] "GET /icons/blank.gif HTTP/1.1" 200 148 "http://localhost:8080/" "Mozilla/5.0 (Windows NT 10.0; WOW64) AppleWebKit/537.36 (KHTML, like Gecko) coc_coc_browser/91.0.146 Chrome/85.0.4183.146 Safari/537.36"
::1 - - [07/Dec/2020:11:34:42 +0700] "GET /icons/text.gif HTTP/1.1" 200 229 "http://localhost:8080/" "Mozilla/5.0 (Windows NT 10.0; WOW64) AppleWebKit/537.36 (KHTML, like Gecko) coc_coc_browser/91.0.146 Chrome/85.0.4183.146 Safari/537.36"
::1 - - [07/Dec/2020:11:34:42 +0700] "GET /icons/folder.gif HTTP/1.1" 200 225 "http://localhost:8080/" "Mozilla/5.0 (Windows NT 10.0; WOW64) AppleWebKit/537.36 (KHTML, like Gecko) coc_coc_browser/91.0.146 Chrome/85.0.4183.146 Safari/537.36"
::1 - - [07/Dec/2020:11:34:42 +0700] "GET /icons/image2.gif HTTP/1.1" 200 309 "http://localhost:8080/" "Mozilla/5.0 (Windows NT 10.0; WOW64) AppleWebKit/537.36 (KHTML, like Gecko) coc_coc_browser/91.0.146 Chrome/85.0.4183.146 Safari/537.36"
::1 - - [07/Dec/2020:11:34:43 +0700] "GET /favicon.ico HTTP/1.1" 200 30894 "http://localhost:8080/" "Mozilla/5.0 (Windows NT 10.0; WOW64) AppleWebKit/537.36 (KHTML, like Gecko) coc_coc_browser/91.0.146 Chrome/85.0.4183.146 Safari/537.36"
::1 - - [07/Dec/2020:11:35:25 +0700] "GET / HTTP/1.1" 200 2500 "-" "Mozilla/5.0 (Windows NT 10.0; WOW64) AppleWebKit/537.36 (KHTML, like Gecko) coc_coc_browser/91.0.146 Chrome/85.0.4183.146 Safari/537.36"
::1 - - [07/Dec/2020:11:35:27 +0700] "GET /Registration-Login/ HTTP/1.1" 200 2012 "http://localhost:8080/" "Mozilla/5.0 (Windows NT 10.0; WOW64) AppleWebKit/537.36 (KHTML, like Gecko) coc_coc_browser/91.0.146 Chrome/85.0.4183.146 Safari/537.36"
::1 - - [07/Dec/2020:11:35:35 +0700] "POST /Registration-Login/handing.php HTTP/1.1" 302 - "http://localhost:8080/Registration-Login/" "Mozilla/5.0 (Windows NT 10.0; WOW64) AppleWebKit/537.36 (KHTML, like Gecko) coc_coc_browser/91.0.146 Chrome/85.0.4183.146 Safari/537.36"
::1 - - [07/Dec/2020:11:35:35 +0700] "GET /Registration-Login/index.php HTTP/1.1" 200 1912 "http://localhost:8080/Registration-Login/" "Mozilla/5.0 (Windows NT 10.0; WOW64) AppleWebKit/537.36 (KHTML, like Gecko) coc_coc_browser/91.0.146 Chrome/85.0.4183.146 Safari/537.36"
::1 - - [07/Dec/2020:11:53:51 +0700] "GET / HTTP/1.1" 200 2278 "-" "Mozilla/5.0 (Windows NT 10.0; WOW64) AppleWebKit/537.36 (KHTML, like Gecko) coc_coc_browser/91.0.146 Chrome/85.0.4183.146 Safari/537.36"
::1 - - [07/Dec/2020:11:53:54 +0700] "GET /sever_time/ HTTP/1.1" 200 307 "http://localhost:8080/" "Mozilla/5.0 (Windows NT 10.0; WOW64) AppleWebKit/537.36 (KHTML, like Gecko) coc_coc_browser/91.0.146 Chrome/85.0.4183.146 Safari/537.36"
::1 - - [07/Dec/2020:11:54:07 +0700] "GET /sever_time/ HTTP/1.1" 200 307 "http://localhost:8080/" "Mozilla/5.0 (Windows NT 10.0; WOW64) AppleWebKit/537.36 (KHTML, like Gecko) coc_coc_browser/91.0.146 Chrome/85.0.4183.146 Safari/537.36"
::1 - - [07/Dec/2020:11:54:07 +0700] "GET /favicon.ico HTTP/1.1" 200 30894 "http://localhost:8080/sever_time/" "Mozilla/5.0 (Windows NT 10.0; WOW64) AppleWebKit/537.36 (KHTML, like Gecko) coc_coc_browser/91.0.146 Chrome/85.0.4183.146 Safari/537.36"
::1 - - [07/Dec/2020:11:55:11 +0700] "GET /sever_time/ HTTP/1.1" 200 307 "http://localhost:8080/" "Mozilla/5.0 (Windows NT 10.0; WOW64) AppleWebKit/537.36 (KHTML, like Gecko) coc_coc_browser/91.0.146 Chrome/85.0.4183.146 Safari/537.36"
::1 - - [07/Dec/2020:11:55:11 +0700] "GET /favicon.ico HTTP/1.1" 200 30894 "http://localhost:8080/sever_time/" "Mozilla/5.0 (Windows NT 10.0; WOW64) AppleWebKit/537.36 (KHTML, like Gecko) coc_coc_browser/91.0.146 Chrome/85.0.4183.146 Safari/537.36"
::1 - - [07/Dec/2020:11:55:12 +0700] "GET /sever_time/ HTTP/1.1" 200 307 "-" "Mozilla/5.0 (Windows NT 10.0; WOW64) AppleWebKit/537.36 (KHTML, like Gecko) coc_coc_browser/91.0.146 Chrome/85.0.4183.146 Safari/537.36"
::1 - - [07/Dec/2020:11:56:15 +0700] "GET / HTTP/1.1" 200 2278 "-" "Mozilla/5.0 (Windows NT 10.0; WOW64) AppleWebKit/537.36 (KHTML, like Gecko) coc_coc_browser/91.0.146 Chrome/85.0.4183.146 Safari/537.36"
::1 - - [07/Dec/2020:11:56:16 +0700] "GET /sever_time/ HTTP/1.1" 200 155 "http://localhost:8080/" "Mozilla/5.0 (Windows NT 10.0; WOW64) AppleWebKit/537.36 (KHTML, like Gecko) coc_coc_browser/91.0.146 Chrome/85.0.4183.146 Safari/537.36"
